[2021-01-27 03:53:16,361] {dag_processing.py:590} INFO - Processing files using up to 2 processes at a time 
[2021-01-27 03:53:16,395] {dag_processing.py:591} INFO - Process each file at most once every 0 seconds
[2021-01-27 03:53:16,395] {dag_processing.py:593} INFO - Checking for new files in /opt/airflow/dags every 300 seconds
[2021-01-27 03:53:16,395] {dag_processing.py:726} INFO - Searching for files in /opt/airflow/dags
[2021-01-27 03:53:16,402] {dag_processing.py:729} INFO - There are 1 files in /opt/airflow/dags
[2021-01-27 03:53:16,590] {dag_processing.py:1062} INFO - Finding 'running' jobs without a recent heartbeat
[2021-01-27 03:53:16,592] {dag_processing.py:1066} INFO - Failing jobs without heartbeat after 2021-01-27 03:48:16.592851+00:00
[2021-01-27 03:53:16,636] {dag_processing.py:833} INFO - 
================================================================================
DAG File Processing Stats

File Path                           PID  Runtime      # DAGs    # Errors  Last Runtime    Last Run
--------------------------------  -----  ---------  --------  ----------  --------------  ----------
/opt/airflow/dags/example_dag.py    154  0.05s             0           0
================================================================================
[2021-01-27 03:53:26,713] {dag_processing.py:1062} INFO - Finding 'running' jobs without a recent heartbeat
[2021-01-27 03:53:26,713] {dag_processing.py:1066} INFO - Failing jobs without heartbeat after 2021-01-27 03:48:26.713766+00:00
[2021-01-27 03:53:36,742] {dag_processing.py:1062} INFO - Finding 'running' jobs without a recent heartbeat
[2021-01-27 03:53:36,742] {dag_processing.py:1066} INFO - Failing jobs without heartbeat after 2021-01-27 03:48:36.742722+00:00
[2021-01-27 03:53:46,765] {dag_processing.py:833} INFO - 
================================================================================
DAG File Processing Stats

File Path                           PID  Runtime      # DAGs    # Errors  Last Runtime    Last Run
--------------------------------  -----  ---------  --------  ----------  --------------  -------------------
/opt/airflow/dags/example_dag.py   1671  0.01s             1           0  0.15s           2021-01-27T03:53:46
================================================================================
[2021-01-27 03:53:46,908] {dag_processing.py:1062} INFO - Finding 'running' jobs without a recent heartbeat
[2021-01-27 03:53:46,908] {dag_processing.py:1066} INFO - Failing jobs without heartbeat after 2021-01-27 03:48:46.908878+00:00
[2021-01-27 03:53:56,979] {dag_processing.py:1062} INFO - Finding 'running' jobs without a recent heartbeat
[2021-01-27 03:53:56,979] {dag_processing.py:1066} INFO - Failing jobs without heartbeat after 2021-01-27 03:48:56.979399+00:00
[2021-01-27 03:54:07,089] {dag_processing.py:1062} INFO - Finding 'running' jobs without a recent heartbeat
[2021-01-27 03:54:07,090] {dag_processing.py:1066} INFO - Failing jobs without heartbeat after 2021-01-27 03:49:07.090017+00:00
[2021-01-27 03:54:16,844] {dag_processing.py:833} INFO - 
================================================================================
DAG File Processing Stats

File Path                           PID  Runtime      # DAGs    # Errors  Last Runtime    Last Run
--------------------------------  -----  ---------  --------  ----------  --------------  -------------------
/opt/airflow/dags/example_dag.py   3426  0.00s             1           0  0.14s           2021-01-27T03:54:16
================================================================================
[2021-01-27 03:54:17,119] {dag_processing.py:1062} INFO - Finding 'running' jobs without a recent heartbeat
[2021-01-27 03:54:17,119] {dag_processing.py:1066} INFO - Failing jobs without heartbeat after 2021-01-27 03:49:17.119538+00:00
[2021-01-27 03:54:27,137] {dag_processing.py:1062} INFO - Finding 'running' jobs without a recent heartbeat
[2021-01-27 03:54:27,137] {dag_processing.py:1066} INFO - Failing jobs without heartbeat after 2021-01-27 03:49:27.137403+00:00
[2021-01-27 03:54:37,174] {dag_processing.py:1062} INFO - Finding 'running' jobs without a recent heartbeat
[2021-01-27 03:54:37,174] {dag_processing.py:1066} INFO - Failing jobs without heartbeat after 2021-01-27 03:49:37.174680+00:00
[2021-01-27 03:54:46,857] {dag_processing.py:833} INFO - 
================================================================================
DAG File Processing Stats

File Path                           PID  Runtime      # DAGs    # Errors  Last Runtime    Last Run
--------------------------------  -----  ---------  --------  ----------  --------------  -------------------
/opt/airflow/dags/example_dag.py   5316  0.00s             1           0  0.08s           2021-01-27T03:54:46
================================================================================
[2021-01-27 03:54:47,284] {dag_processing.py:1062} INFO - Finding 'running' jobs without a recent heartbeat
[2021-01-27 03:54:47,284] {dag_processing.py:1066} INFO - Failing jobs without heartbeat after 2021-01-27 03:49:47.284527+00:00
[2021-01-27 03:54:57,311] {dag_processing.py:1062} INFO - Finding 'running' jobs without a recent heartbeat
[2021-01-27 03:54:57,312] {dag_processing.py:1066} INFO - Failing jobs without heartbeat after 2021-01-27 03:49:57.311467+00:00
[2021-01-27 03:55:07,329] {dag_processing.py:1062} INFO - Finding 'running' jobs without a recent heartbeat
[2021-01-27 03:55:07,329] {dag_processing.py:1066} INFO - Failing jobs without heartbeat after 2021-01-27 03:50:07.329579+00:00
[2021-01-27 03:55:16,886] {dag_processing.py:833} INFO - 
================================================================================
DAG File Processing Stats

File Path                           PID  Runtime      # DAGs    # Errors  Last Runtime    Last Run
--------------------------------  -----  ---------  --------  ----------  --------------  -------------------
/opt/airflow/dags/example_dag.py   6876  0.00s             1           0  0.07s           2021-01-27T03:55:16
================================================================================
[2021-01-27 03:55:17,376] {dag_processing.py:1062} INFO - Finding 'running' jobs without a recent heartbeat
[2021-01-27 03:55:17,376] {dag_processing.py:1066} INFO - Failing jobs without heartbeat after 2021-01-27 03:50:17.376554+00:00
[2021-01-27 03:55:27,464] {dag_processing.py:1062} INFO - Finding 'running' jobs without a recent heartbeat
[2021-01-27 03:55:27,465] {dag_processing.py:1066} INFO - Failing jobs without heartbeat after 2021-01-27 03:50:27.465325+00:00
[2021-01-27 03:55:37,525] {dag_processing.py:1062} INFO - Finding 'running' jobs without a recent heartbeat
[2021-01-27 03:55:37,525] {dag_processing.py:1066} INFO - Failing jobs without heartbeat after 2021-01-27 03:50:37.525936+00:00
[2021-01-27 03:55:46,951] {dag_processing.py:833} INFO - 
================================================================================
DAG File Processing Stats

File Path                           PID  Runtime      # DAGs    # Errors  Last Runtime    Last Run
--------------------------------  -----  ---------  --------  ----------  --------------  -------------------
/opt/airflow/dags/example_dag.py   8721  0.00s             1           0  0.06s           2021-01-27T03:55:46
================================================================================
[2021-01-27 03:55:47,577] {dag_processing.py:1062} INFO - Finding 'running' jobs without a recent heartbeat
[2021-01-27 03:55:47,578] {dag_processing.py:1066} INFO - Failing jobs without heartbeat after 2021-01-27 03:50:47.578100+00:00
[2021-01-27 03:55:57,620] {dag_processing.py:1062} INFO - Finding 'running' jobs without a recent heartbeat
[2021-01-27 03:55:57,621] {dag_processing.py:1066} INFO - Failing jobs without heartbeat after 2021-01-27 03:50:57.621390+00:00
[2021-01-27 03:56:07,640] {dag_processing.py:1062} INFO - Finding 'running' jobs without a recent heartbeat
[2021-01-27 03:56:07,641] {dag_processing.py:1066} INFO - Failing jobs without heartbeat after 2021-01-27 03:51:07.641363+00:00
[2021-01-27 03:56:17,010] {dag_processing.py:833} INFO - 
================================================================================
DAG File Processing Stats

File Path                           PID  Runtime      # DAGs    # Errors  Last Runtime    Last Run
--------------------------------  -----  ---------  --------  ----------  --------------  -------------------
/opt/airflow/dags/example_dag.py  10556  0.00s             1           0  0.08s           2021-01-27T03:56:17
================================================================================
[2021-01-27 03:56:17,700] {dag_processing.py:1062} INFO - Finding 'running' jobs without a recent heartbeat
[2021-01-27 03:56:17,701] {dag_processing.py:1066} INFO - Failing jobs without heartbeat after 2021-01-27 03:51:17.701167+00:00
[2021-01-27 03:56:27,724] {dag_processing.py:1062} INFO - Finding 'running' jobs without a recent heartbeat
[2021-01-27 03:56:27,725] {dag_processing.py:1066} INFO - Failing jobs without heartbeat after 2021-01-27 03:51:27.725073+00:00
[2021-01-27 03:56:37,786] {dag_processing.py:1062} INFO - Finding 'running' jobs without a recent heartbeat
[2021-01-27 03:56:37,786] {dag_processing.py:1066} INFO - Failing jobs without heartbeat after 2021-01-27 03:51:37.786599+00:00
[2021-01-27 03:56:47,081] {dag_processing.py:833} INFO - 
================================================================================
DAG File Processing Stats

File Path                           PID  Runtime      # DAGs    # Errors  Last Runtime    Last Run
--------------------------------  -----  ---------  --------  ----------  --------------  -------------------
/opt/airflow/dags/example_dag.py  12521  0.00s             1           0  0.07s           2021-01-27T03:56:47
================================================================================
[2021-01-27 03:56:47,798] {dag_processing.py:1062} INFO - Finding 'running' jobs without a recent heartbeat
[2021-01-27 03:56:47,798] {dag_processing.py:1066} INFO - Failing jobs without heartbeat after 2021-01-27 03:51:47.798372+00:00
[2021-01-27 03:56:57,919] {dag_processing.py:1062} INFO - Finding 'running' jobs without a recent heartbeat
[2021-01-27 03:56:57,919] {dag_processing.py:1066} INFO - Failing jobs without heartbeat after 2021-01-27 03:51:57.919875+00:00
[2021-01-27 03:57:07,962] {dag_processing.py:1062} INFO - Finding 'running' jobs without a recent heartbeat
[2021-01-27 03:57:07,963] {dag_processing.py:1066} INFO - Failing jobs without heartbeat after 2021-01-27 03:52:07.963104+00:00
[2021-01-27 03:57:17,110] {dag_processing.py:833} INFO - 
================================================================================
DAG File Processing Stats

File Path                           PID  Runtime      # DAGs    # Errors  Last Runtime    Last Run
--------------------------------  -----  ---------  --------  ----------  --------------  -------------------
/opt/airflow/dags/example_dag.py  14421  0.00s             1           0  0.08s           2021-01-27T03:57:17
================================================================================
[2021-01-27 03:57:17,991] {dag_processing.py:1062} INFO - Finding 'running' jobs without a recent heartbeat
[2021-01-27 03:57:17,991] {dag_processing.py:1066} INFO - Failing jobs without heartbeat after 2021-01-27 03:52:17.991965+00:00
[2021-01-27 03:57:28,014] {dag_processing.py:1062} INFO - Finding 'running' jobs without a recent heartbeat
[2021-01-27 03:57:28,014] {dag_processing.py:1066} INFO - Failing jobs without heartbeat after 2021-01-27 03:52:28.014604+00:00
[2021-01-27 03:57:38,037] {dag_processing.py:1062} INFO - Finding 'running' jobs without a recent heartbeat
[2021-01-27 03:57:38,037] {dag_processing.py:1066} INFO - Failing jobs without heartbeat after 2021-01-27 03:52:38.037682+00:00
[2021-01-27 03:57:47,144] {dag_processing.py:833} INFO - 
================================================================================
DAG File Processing Stats

File Path                           PID  Runtime      # DAGs    # Errors  Last Runtime    Last Run
--------------------------------  -----  ---------  --------  ----------  --------------  -------------------
/opt/airflow/dags/example_dag.py  16461  0.00s             1           0  0.07s           2021-01-27T03:57:47
================================================================================
[2021-01-27 03:57:48,071] {dag_processing.py:1062} INFO - Finding 'running' jobs without a recent heartbeat
[2021-01-27 03:57:48,071] {dag_processing.py:1066} INFO - Failing jobs without heartbeat after 2021-01-27 03:52:48.071678+00:00
[2021-01-27 03:57:58,131] {dag_processing.py:1062} INFO - Finding 'running' jobs without a recent heartbeat
[2021-01-27 03:57:58,131] {dag_processing.py:1066} INFO - Failing jobs without heartbeat after 2021-01-27 03:52:58.131334+00:00
[2021-01-27 03:58:08,192] {dag_processing.py:1062} INFO - Finding 'running' jobs without a recent heartbeat
[2021-01-27 03:58:08,193] {dag_processing.py:1066} INFO - Failing jobs without heartbeat after 2021-01-27 03:53:08.193319+00:00
[2021-01-27 03:58:16,456] {dag_processing.py:726} INFO - Searching for files in /opt/airflow/dags
[2021-01-27 03:58:16,457] {dag_processing.py:729} INFO - There are 1 files in /opt/airflow/dags
[2021-01-27 03:58:17,173] {dag_processing.py:833} INFO - 
================================================================================
DAG File Processing Stats

File Path                           PID  Runtime      # DAGs    # Errors  Last Runtime    Last Run
--------------------------------  -----  ---------  --------  ----------  --------------  -------------------
/opt/airflow/dags/example_dag.py  18516  0.00s             1           0  0.08s           2021-01-27T03:58:17
================================================================================
[2021-01-27 03:58:18,240] {dag_processing.py:1062} INFO - Finding 'running' jobs without a recent heartbeat
[2021-01-27 03:58:18,241] {dag_processing.py:1066} INFO - Failing jobs without heartbeat after 2021-01-27 03:53:18.241212+00:00
[2021-01-27 03:58:28,271] {dag_processing.py:1062} INFO - Finding 'running' jobs without a recent heartbeat
[2021-01-27 03:58:28,271] {dag_processing.py:1066} INFO - Failing jobs without heartbeat after 2021-01-27 03:53:28.271943+00:00
[2021-01-27 03:58:38,304] {dag_processing.py:1062} INFO - Finding 'running' jobs without a recent heartbeat
[2021-01-27 03:58:38,304] {dag_processing.py:1066} INFO - Failing jobs without heartbeat after 2021-01-27 03:53:38.304690+00:00
[2021-01-27 03:58:47,225] {dag_processing.py:833} INFO - 
================================================================================
DAG File Processing Stats

File Path                           PID  Runtime      # DAGs    # Errors  Last Runtime    Last Run
--------------------------------  -----  ---------  --------  ----------  --------------  -------------------
/opt/airflow/dags/example_dag.py  20501  0.00s             1           0  0.08s           2021-01-27T03:58:47
================================================================================
[2021-01-27 03:58:48,311] {dag_processing.py:1062} INFO - Finding 'running' jobs without a recent heartbeat
[2021-01-27 03:58:48,312] {dag_processing.py:1066} INFO - Failing jobs without heartbeat after 2021-01-27 03:53:48.312285+00:00
[2021-01-27 03:58:58,348] {dag_processing.py:1062} INFO - Finding 'running' jobs without a recent heartbeat
[2021-01-27 03:58:58,348] {dag_processing.py:1066} INFO - Failing jobs without heartbeat after 2021-01-27 03:53:58.348893+00:00
[2021-01-27 03:59:08,414] {dag_processing.py:1062} INFO - Finding 'running' jobs without a recent heartbeat
[2021-01-27 03:59:08,414] {dag_processing.py:1066} INFO - Failing jobs without heartbeat after 2021-01-27 03:54:08.414885+00:00
[2021-01-27 03:59:17,290] {dag_processing.py:833} INFO - 
================================================================================
DAG File Processing Stats

File Path                           PID  Runtime      # DAGs    # Errors  Last Runtime    Last Run
--------------------------------  -----  ---------  --------  ----------  --------------  -------------------
/opt/airflow/dags/example_dag.py  22266  0.01s             1           0  0.12s           2021-01-27T03:59:17
================================================================================
[2021-01-27 03:59:18,632] {dag_processing.py:1062} INFO - Finding 'running' jobs without a recent heartbeat
[2021-01-27 03:59:18,645] {dag_processing.py:1066} INFO - Failing jobs without heartbeat after 2021-01-27 03:54:18.645028+00:00
[2021-01-27 03:59:28,730] {dag_processing.py:1062} INFO - Finding 'running' jobs without a recent heartbeat
[2021-01-27 03:59:28,730] {dag_processing.py:1066} INFO - Failing jobs without heartbeat after 2021-01-27 03:54:28.730815+00:00
[2021-01-27 03:59:38,746] {dag_processing.py:1062} INFO - Finding 'running' jobs without a recent heartbeat
[2021-01-27 03:59:38,747] {dag_processing.py:1066} INFO - Failing jobs without heartbeat after 2021-01-27 03:54:38.747166+00:00
